running egg_info
writing ../../build/robot_controller/robot_controller.egg-info/PKG-INFO
writing dependency_links to ../../build/robot_controller/robot_controller.egg-info/dependency_links.txt
writing entry points to ../../build/robot_controller/robot_controller.egg-info/entry_points.txt
writing requirements to ../../build/robot_controller/robot_controller.egg-info/requires.txt
writing top-level names to ../../build/robot_controller/robot_controller.egg-info/top_level.txt
reading manifest file '../../build/robot_controller/robot_controller.egg-info/SOURCES.txt'
writing manifest file '../../build/robot_controller/robot_controller.egg-info/SOURCES.txt'
running build
running build_py
copying robot_controller/keyboard_controller_node.py -> /home/sck2n21-laptop/dev_ws/build/robot_controller/build/lib/robot_controller
copying robot_controller/motor_controller_node.py -> /home/sck2n21-laptop/dev_ws/build/robot_controller/build/lib/robot_controller
running install
running install_lib
copying /home/sck2n21-laptop/dev_ws/build/robot_controller/build/lib/robot_controller/keyboard_controller_node.py -> /home/sck2n21-laptop/dev_ws/install/robot_controller/lib/python3.10/site-packages/robot_controller
copying /home/sck2n21-laptop/dev_ws/build/robot_controller/build/lib/robot_controller/motor_controller_node.py -> /home/sck2n21-laptop/dev_ws/install/robot_controller/lib/python3.10/site-packages/robot_controller
byte-compiling /home/sck2n21-laptop/dev_ws/install/robot_controller/lib/python3.10/site-packages/robot_controller/keyboard_controller_node.py to keyboard_controller_node.cpython-310.pyc
byte-compiling /home/sck2n21-laptop/dev_ws/install/robot_controller/lib/python3.10/site-packages/robot_controller/motor_controller_node.py to motor_controller_node.cpython-310.pyc
running install_data
copying package.xml -> /home/sck2n21-laptop/dev_ws/install/robot_controller/share/robot_controller
running install_egg_info
removing '/home/sck2n21-laptop/dev_ws/install/robot_controller/lib/python3.10/site-packages/robot_controller-0.0.0-py3.10.egg-info' (and everything under it)
Copying ../../build/robot_controller/robot_controller.egg-info to /home/sck2n21-laptop/dev_ws/install/robot_controller/lib/python3.10/site-packages/robot_controller-0.0.0-py3.10.egg-info
running install_scripts
writing list of installed files to '/home/sck2n21-laptop/dev_ws/build/robot_controller/install.log'
