[0.958s] Invoking command in '/home/sck2n21-laptop/dev_ws/src/robot_controller': PYTHONPATH=/home/sck2n21-laptop/dev_ws/build/robot_controller/prefix_override:/home/sck2n21-laptop/dev_ws/install/robot_controller/lib/python3.10/site-packages:${PYTHONPATH} /usr/bin/python3 setup.py egg_info --egg-base ../../build/robot_controller build --build-base /home/sck2n21-laptop/dev_ws/build/robot_controller/build install --record /home/sck2n21-laptop/dev_ws/build/robot_controller/install.log --single-version-externally-managed
[1.347s] running egg_info
[1.347s] writing ../../build/robot_controller/robot_controller.egg-info/PKG-INFO
[1.348s] writing dependency_links to ../../build/robot_controller/robot_controller.egg-info/dependency_links.txt
[1.348s] writing entry points to ../../build/robot_controller/robot_controller.egg-info/entry_points.txt
[1.348s] writing requirements to ../../build/robot_controller/robot_controller.egg-info/requires.txt
[1.349s] writing top-level names to ../../build/robot_controller/robot_controller.egg-info/top_level.txt
[1.353s] reading manifest file '../../build/robot_controller/robot_controller.egg-info/SOURCES.txt'
[1.354s] writing manifest file '../../build/robot_controller/robot_controller.egg-info/SOURCES.txt'
[1.354s] running build
[1.354s] running build_py
[1.354s] copying robot_controller/keyboard_controller_node.py -> /home/sck2n21-laptop/dev_ws/build/robot_controller/build/lib/robot_controller
[1.355s] copying robot_controller/motor_controller_node.py -> /home/sck2n21-laptop/dev_ws/build/robot_controller/build/lib/robot_controller
[1.357s] running install
[1.358s] running install_lib
[1.359s] copying /home/sck2n21-laptop/dev_ws/build/robot_controller/build/lib/robot_controller/keyboard_controller_node.py -> /home/sck2n21-laptop/dev_ws/install/robot_controller/lib/python3.10/site-packages/robot_controller
[1.360s] copying /home/sck2n21-laptop/dev_ws/build/robot_controller/build/lib/robot_controller/motor_controller_node.py -> /home/sck2n21-laptop/dev_ws/install/robot_controller/lib/python3.10/site-packages/robot_controller
[1.362s] byte-compiling /home/sck2n21-laptop/dev_ws/install/robot_controller/lib/python3.10/site-packages/robot_controller/keyboard_controller_node.py to keyboard_controller_node.cpython-310.pyc
[1.365s] byte-compiling /home/sck2n21-laptop/dev_ws/install/robot_controller/lib/python3.10/site-packages/robot_controller/motor_controller_node.py to motor_controller_node.cpython-310.pyc
[1.367s] running install_data
[1.368s] copying package.xml -> /home/sck2n21-laptop/dev_ws/install/robot_controller/share/robot_controller
[1.369s] running install_egg_info
[1.371s] removing '/home/sck2n21-laptop/dev_ws/install/robot_controller/lib/python3.10/site-packages/robot_controller-0.0.0-py3.10.egg-info' (and everything under it)
[1.373s] Copying ../../build/robot_controller/robot_controller.egg-info to /home/sck2n21-laptop/dev_ws/install/robot_controller/lib/python3.10/site-packages/robot_controller-0.0.0-py3.10.egg-info
[1.380s] running install_scripts
[1.404s] writing list of installed files to '/home/sck2n21-laptop/dev_ws/build/robot_controller/install.log'
[1.432s] Invoked command in '/home/sck2n21-laptop/dev_ws/src/robot_controller' returned '0': PYTHONPATH=/home/sck2n21-laptop/dev_ws/build/robot_controller/prefix_override:/home/sck2n21-laptop/dev_ws/install/robot_controller/lib/python3.10/site-packages:${PYTHONPATH} /usr/bin/python3 setup.py egg_info --egg-base ../../build/robot_controller build --build-base /home/sck2n21-laptop/dev_ws/build/robot_controller/build install --record /home/sck2n21-laptop/dev_ws/build/robot_controller/install.log --single-version-externally-managed
