[0.506s] DEBUG:colcon:Command line arguments: ['/usr/bin/colcon', 'build', '--symlink-install']
[0.507s] DEBUG:colcon:Parsed command line arguments: Namespace(log_base=None, log_level=None, verb_name='build', build_base='build', install_base='install', merge_install=False, symlink_install=True, test_result_base=None, continue_on_error=False, executor='parallel', parallel_workers=16, event_handlers=None, ignore_user_meta=False, metas=['./colcon.meta'], base_paths=['.'], packages_ignore=None, packages_ignore_regex=None, paths=None, packages_up_to=None, packages_up_to_regex=None, packages_above=None, packages_above_and_dependencies=None, packages_above_depth=None, packages_select_by_dep=None, packages_skip_by_dep=None, packages_skip_up_to=None, packages_select_build_failed=False, packages_skip_build_finished=False, packages_select_test_failures=False, packages_skip_test_passed=False, packages_select=None, packages_skip=None, packages_select_regex=None, packages_skip_regex=None, packages_start=None, packages_end=None, allow_overriding=[], cmake_args=None, cmake_target=None, cmake_target_skip_unavailable=False, cmake_clean_cache=False, cmake_clean_first=False, cmake_force_configure=False, ament_cmake_args=None, catkin_cmake_args=None, catkin_skip_building_tests=False, verb_parser=<colcon_defaults.argument_parser.defaults.DefaultArgumentsDecorator object at 0x7f4702f94a30>, verb_extension=<colcon_core.verb.build.BuildVerb object at 0x7f47037b3a00>, main=<bound method BuildVerb.main of <colcon_core.verb.build.BuildVerb object at 0x7f47037b3a00>>)
[0.558s] Level 1:colcon.colcon_core.package_discovery:discover_packages(colcon_meta) check parameters
[0.558s] Level 1:colcon.colcon_core.package_discovery:discover_packages(recursive) check parameters
[0.558s] Level 1:colcon.colcon_core.package_discovery:discover_packages(ignore) check parameters
[0.558s] Level 1:colcon.colcon_core.package_discovery:discover_packages(path) check parameters
[0.558s] Level 1:colcon.colcon_core.package_discovery:discover_packages(colcon_meta) discover
[0.558s] Level 1:colcon.colcon_core.package_discovery:discover_packages(recursive) discover
[0.558s] INFO:colcon.colcon_core.package_discovery:Crawling recursively for packages in '/home/sck2n21-laptop/dev_ws'
[0.559s] Level 1:colcon.colcon_core.package_identification:_identify(.) by extensions ['ignore', 'ignore_ament_install']
[0.559s] Level 1:colcon.colcon_core.package_identification:_identify(.) by extension 'ignore'
[0.559s] Level 1:colcon.colcon_core.package_identification:_identify(.) by extension 'ignore_ament_install'
[0.559s] Level 1:colcon.colcon_core.package_identification:_identify(.) by extensions ['colcon_pkg']
[0.559s] Level 1:colcon.colcon_core.package_identification:_identify(.) by extension 'colcon_pkg'
[0.559s] Level 1:colcon.colcon_core.package_identification:_identify(.) by extensions ['colcon_meta']
[0.559s] Level 1:colcon.colcon_core.package_identification:_identify(.) by extension 'colcon_meta'
[0.559s] Level 1:colcon.colcon_core.package_identification:_identify(.) by extensions ['ros']
[0.559s] Level 1:colcon.colcon_core.package_identification:_identify(.) by extension 'ros'
[0.572s] Level 1:colcon.colcon_core.package_identification:_identify(.) by extensions ['cmake', 'python']
[0.572s] Level 1:colcon.colcon_core.package_identification:_identify(.) by extension 'cmake'
[0.572s] Level 1:colcon.colcon_core.package_identification:_identify(.) by extension 'python'
[0.573s] Level 1:colcon.colcon_core.package_identification:_identify(.) by extensions ['python_setup_py']
[0.573s] Level 1:colcon.colcon_core.package_identification:_identify(.) by extension 'python_setup_py'
[0.573s] Level 1:colcon.colcon_core.package_identification:_identify(build) by extensions ['ignore', 'ignore_ament_install']
[0.573s] Level 1:colcon.colcon_core.package_identification:_identify(build) by extension 'ignore'
[0.573s] Level 1:colcon.colcon_core.package_identification:_identify(build) ignored
[0.573s] Level 1:colcon.colcon_core.package_identification:_identify(install) by extensions ['ignore', 'ignore_ament_install']
[0.573s] Level 1:colcon.colcon_core.package_identification:_identify(install) by extension 'ignore'
[0.573s] Level 1:colcon.colcon_core.package_identification:_identify(install) ignored
[0.574s] Level 1:colcon.colcon_core.package_identification:_identify(log) by extensions ['ignore', 'ignore_ament_install']
[0.574s] Level 1:colcon.colcon_core.package_identification:_identify(log) by extension 'ignore'
[0.574s] Level 1:colcon.colcon_core.package_identification:_identify(log) ignored
[0.574s] Level 1:colcon.colcon_core.package_identification:_identify(src) by extensions ['ignore', 'ignore_ament_install']
[0.574s] Level 1:colcon.colcon_core.package_identification:_identify(src) by extension 'ignore'
[0.574s] Level 1:colcon.colcon_core.package_identification:_identify(src) by extension 'ignore_ament_install'
[0.574s] Level 1:colcon.colcon_core.package_identification:_identify(src) by extensions ['colcon_pkg']
[0.574s] Level 1:colcon.colcon_core.package_identification:_identify(src) by extension 'colcon_pkg'
[0.574s] Level 1:colcon.colcon_core.package_identification:_identify(src) by extensions ['colcon_meta']
[0.574s] Level 1:colcon.colcon_core.package_identification:_identify(src) by extension 'colcon_meta'
[0.574s] Level 1:colcon.colcon_core.package_identification:_identify(src) by extensions ['ros']
[0.574s] Level 1:colcon.colcon_core.package_identification:_identify(src) by extension 'ros'
[0.575s] Level 1:colcon.colcon_core.package_identification:_identify(src) by extensions ['cmake', 'python']
[0.575s] Level 1:colcon.colcon_core.package_identification:_identify(src) by extension 'cmake'
[0.575s] Level 1:colcon.colcon_core.package_identification:_identify(src) by extension 'python'
[0.575s] Level 1:colcon.colcon_core.package_identification:_identify(src) by extensions ['python_setup_py']
[0.575s] Level 1:colcon.colcon_core.package_identification:_identify(src) by extension 'python_setup_py'
[0.575s] Level 1:colcon.colcon_core.package_identification:_identify(src/Carcar) by extensions ['ignore', 'ignore_ament_install']
[0.575s] Level 1:colcon.colcon_core.package_identification:_identify(src/Carcar) by extension 'ignore'
[0.575s] Level 1:colcon.colcon_core.package_identification:_identify(src/Carcar) by extension 'ignore_ament_install'
[0.575s] Level 1:colcon.colcon_core.package_identification:_identify(src/Carcar) by extensions ['colcon_pkg']
[0.575s] Level 1:colcon.colcon_core.package_identification:_identify(src/Carcar) by extension 'colcon_pkg'
[0.576s] Level 1:colcon.colcon_core.package_identification:_identify(src/Carcar) by extensions ['colcon_meta']
[0.576s] Level 1:colcon.colcon_core.package_identification:_identify(src/Carcar) by extension 'colcon_meta'
[0.576s] Level 1:colcon.colcon_core.package_identification:_identify(src/Carcar) by extensions ['ros']
[0.576s] Level 1:colcon.colcon_core.package_identification:_identify(src/Carcar) by extension 'ros'
[0.590s] DEBUG:colcon.colcon_core.package_identification:Package 'src/Carcar' with type 'ros.ament_cmake' and name 'Carcar'
[0.590s] Level 1:colcon.colcon_core.package_discovery:discover_packages(recursive) using defaults
[0.590s] Level 1:colcon.colcon_core.package_discovery:discover_packages(ignore) discover
[0.590s] Level 1:colcon.colcon_core.package_discovery:discover_packages(ignore) using defaults
[0.590s] Level 1:colcon.colcon_core.package_discovery:discover_packages(path) discover
[0.590s] Level 1:colcon.colcon_core.package_discovery:discover_packages(path) using defaults
[0.618s] Level 1:colcon.colcon_core.package_discovery:discover_packages(prefix_path) check parameters
[0.618s] Level 1:colcon.colcon_core.package_discovery:discover_packages(prefix_path) discover
[0.620s] WARNING:colcon.colcon_core.prefix_path.colcon:The path '/home/sck2n21-laptop/intern_2023/install' in the environment variable COLCON_PREFIX_PATH doesn't exist
[0.621s] WARNING:colcon.colcon_ros.prefix_path.ament:The path '/home/sck2n21-laptop/intern_2023/install/test_package' in the environment variable AMENT_PREFIX_PATH doesn't exist
[0.624s] WARNING:colcon.colcon_ros.prefix_path.catkin:The path '/home/sck2n21-laptop/intern_2023/install/test_package' in the environment variable CMAKE_PREFIX_PATH doesn't exist
[0.628s] DEBUG:colcon.colcon_installed_package_information.package_discovery:Found 270 installed packages in /opt/ros/humble
[0.630s] Level 1:colcon.colcon_core.package_discovery:discover_packages(prefix_path) using defaults
[0.734s] Level 5:colcon.colcon_core.verb:set package 'Carcar' build argument 'cmake_args' from command line to 'None'
[0.734s] Level 5:colcon.colcon_core.verb:set package 'Carcar' build argument 'cmake_target' from command line to 'None'
[0.734s] Level 5:colcon.colcon_core.verb:set package 'Carcar' build argument 'cmake_target_skip_unavailable' from command line to 'False'
[0.735s] Level 5:colcon.colcon_core.verb:set package 'Carcar' build argument 'cmake_clean_cache' from command line to 'False'
[0.735s] Level 5:colcon.colcon_core.verb:set package 'Carcar' build argument 'cmake_clean_first' from command line to 'False'
[0.735s] Level 5:colcon.colcon_core.verb:set package 'Carcar' build argument 'cmake_force_configure' from command line to 'False'
[0.735s] Level 5:colcon.colcon_core.verb:set package 'Carcar' build argument 'ament_cmake_args' from command line to 'None'
[0.735s] Level 5:colcon.colcon_core.verb:set package 'Carcar' build argument 'catkin_cmake_args' from command line to 'None'
[0.735s] Level 5:colcon.colcon_core.verb:set package 'Carcar' build argument 'catkin_skip_building_tests' from command line to 'False'
[0.735s] DEBUG:colcon.colcon_core.verb:Building package 'Carcar' with the following arguments: {'ament_cmake_args': None, 'build_base': '/home/sck2n21-laptop/dev_ws/build/Carcar', 'catkin_cmake_args': None, 'catkin_skip_building_tests': False, 'cmake_args': None, 'cmake_clean_cache': False, 'cmake_clean_first': False, 'cmake_force_configure': False, 'cmake_target': None, 'cmake_target_skip_unavailable': False, 'install_base': '/home/sck2n21-laptop/dev_ws/install/Carcar', 'merge_install': False, 'path': '/home/sck2n21-laptop/dev_ws/src/Carcar', 'symlink_install': True, 'test_result_base': None}
[0.735s] INFO:colcon.colcon_core.executor:Executing jobs using 'parallel' executor
[0.738s] DEBUG:colcon.colcon_parallel_executor.executor.parallel:run_until_complete
[0.738s] INFO:colcon.colcon_ros.task.ament_cmake.build:Building ROS package in '/home/sck2n21-laptop/dev_ws/src/Carcar' with build type 'ament_cmake'
[0.738s] INFO:colcon.colcon_cmake.task.cmake.build:Building CMake package in '/home/sck2n21-laptop/dev_ws/src/Carcar'
[0.746s] INFO:colcon.colcon_core.plugin_system:Skipping extension 'colcon_core.shell.bat': Not used on non-Windows systems
[0.746s] INFO:colcon.colcon_core.shell:Skip shell extension 'powershell' for command environment: Not usable outside of PowerShell
[0.746s] DEBUG:colcon.colcon_core.shell:Skip shell extension 'dsv' for command environment
[0.778s] DEBUG:colcon.colcon_core.event_handler.log_command:Invoking command in '/home/sck2n21-laptop/dev_ws/build/Carcar': CMAKE_PREFIX_PATH=${CMAKE_PREFIX_PATH}:/opt/ros/humble /usr/bin/cmake /home/sck2n21-laptop/dev_ws/src/Carcar -DAMENT_CMAKE_SYMLINK_INSTALL=1 -DCMAKE_INSTALL_PREFIX=/home/sck2n21-laptop/dev_ws/install/Carcar
[3.099s] DEBUG:colcon.colcon_core.event_handler.log_command:Invoked command in '/home/sck2n21-laptop/dev_ws/build/Carcar' returned '0': CMAKE_PREFIX_PATH=${CMAKE_PREFIX_PATH}:/opt/ros/humble /usr/bin/cmake /home/sck2n21-laptop/dev_ws/src/Carcar -DAMENT_CMAKE_SYMLINK_INSTALL=1 -DCMAKE_INSTALL_PREFIX=/home/sck2n21-laptop/dev_ws/install/Carcar
[3.102s] DEBUG:colcon.colcon_core.event_handler.log_command:Invoking command in '/home/sck2n21-laptop/dev_ws/build/Carcar': CMAKE_PREFIX_PATH=${CMAKE_PREFIX_PATH}:/opt/ros/humble /usr/bin/cmake --build /home/sck2n21-laptop/dev_ws/build/Carcar -- -j16 -l16
[3.234s] DEBUG:colcon.colcon_core.event_handler.log_command:Invoked command in '/home/sck2n21-laptop/dev_ws/build/Carcar' returned '0': CMAKE_PREFIX_PATH=${CMAKE_PREFIX_PATH}:/opt/ros/humble /usr/bin/cmake --build /home/sck2n21-laptop/dev_ws/build/Carcar -- -j16 -l16
[3.368s] DEBUG:colcon.colcon_core.event_handler.log_command:Invoking command in '/home/sck2n21-laptop/dev_ws/build/Carcar': CMAKE_PREFIX_PATH=${CMAKE_PREFIX_PATH}:/opt/ros/humble /usr/bin/cmake --install /home/sck2n21-laptop/dev_ws/build/Carcar
[4.041s] Level 1:colcon.colcon_core.environment:create_environment_scripts_only(Carcar)
[4.042s] DEBUG:colcon.colcon_core.event_handler.log_command:Invoked command in '/home/sck2n21-laptop/dev_ws/build/Carcar' returned '0': CMAKE_PREFIX_PATH=${CMAKE_PREFIX_PATH}:/opt/ros/humble /usr/bin/cmake --install /home/sck2n21-laptop/dev_ws/build/Carcar
[4.049s] Level 1:colcon.colcon_core.environment:checking '/home/sck2n21-laptop/dev_ws/install/Carcar' for CMake module files
[4.050s] Level 1:colcon.colcon_core.environment:checking '/home/sck2n21-laptop/dev_ws/install/Carcar' for CMake config files
[4.051s] Level 1:colcon.colcon_core.shell:create_environment_hook('Carcar', 'cmake_prefix_path')
[4.052s] INFO:colcon.colcon_core.shell:Creating environment hook '/home/sck2n21-laptop/dev_ws/install/Carcar/share/Carcar/hook/cmake_prefix_path.ps1'
[4.054s] INFO:colcon.colcon_core.shell:Creating environment descriptor '/home/sck2n21-laptop/dev_ws/install/Carcar/share/Carcar/hook/cmake_prefix_path.dsv'
[4.055s] INFO:colcon.colcon_core.shell:Creating environment hook '/home/sck2n21-laptop/dev_ws/install/Carcar/share/Carcar/hook/cmake_prefix_path.sh'
[4.057s] Level 1:colcon.colcon_core.environment:checking '/home/sck2n21-laptop/dev_ws/install/Carcar/bin'
[4.057s] Level 1:colcon.colcon_core.environment:checking '/home/sck2n21-laptop/dev_ws/install/Carcar/lib/pkgconfig/Carcar.pc'
[4.057s] Level 1:colcon.colcon_core.environment:checking '/home/sck2n21-laptop/dev_ws/install/Carcar/lib/python3.10/site-packages'
[4.058s] Level 1:colcon.colcon_core.environment:checking '/home/sck2n21-laptop/dev_ws/install/Carcar/bin'
[4.059s] INFO:colcon.colcon_core.shell:Creating package script '/home/sck2n21-laptop/dev_ws/install/Carcar/share/Carcar/package.ps1'
[4.061s] INFO:colcon.colcon_core.shell:Creating package descriptor '/home/sck2n21-laptop/dev_ws/install/Carcar/share/Carcar/package.dsv'
[4.062s] INFO:colcon.colcon_core.shell:Creating package script '/home/sck2n21-laptop/dev_ws/install/Carcar/share/Carcar/package.sh'
[4.064s] INFO:colcon.colcon_core.shell:Creating package script '/home/sck2n21-laptop/dev_ws/install/Carcar/share/Carcar/package.bash'
[4.066s] INFO:colcon.colcon_core.shell:Creating package script '/home/sck2n21-laptop/dev_ws/install/Carcar/share/Carcar/package.zsh'
[4.069s] Level 1:colcon.colcon_core.environment:create_file_with_runtime_dependencies(/home/sck2n21-laptop/dev_ws/install/Carcar/share/colcon-core/packages/Carcar)
[4.180s] Level 1:colcon.colcon_core.environment:create_environment_scripts_only(Carcar)
[4.181s] Level 1:colcon.colcon_core.environment:checking '/home/sck2n21-laptop/dev_ws/install/Carcar' for CMake module files
[4.183s] Level 1:colcon.colcon_core.environment:checking '/home/sck2n21-laptop/dev_ws/install/Carcar' for CMake config files
[4.184s] Level 1:colcon.colcon_core.shell:create_environment_hook('Carcar', 'cmake_prefix_path')
[4.185s] INFO:colcon.colcon_core.shell:Creating environment hook '/home/sck2n21-laptop/dev_ws/install/Carcar/share/Carcar/hook/cmake_prefix_path.ps1'
[4.186s] INFO:colcon.colcon_core.shell:Creating environment descriptor '/home/sck2n21-laptop/dev_ws/install/Carcar/share/Carcar/hook/cmake_prefix_path.dsv'
[4.186s] INFO:colcon.colcon_core.shell:Creating environment hook '/home/sck2n21-laptop/dev_ws/install/Carcar/share/Carcar/hook/cmake_prefix_path.sh'
[4.187s] Level 1:colcon.colcon_core.environment:checking '/home/sck2n21-laptop/dev_ws/install/Carcar/bin'
[4.187s] Level 1:colcon.colcon_core.environment:checking '/home/sck2n21-laptop/dev_ws/install/Carcar/lib/pkgconfig/Carcar.pc'
[4.187s] Level 1:colcon.colcon_core.environment:checking '/home/sck2n21-laptop/dev_ws/install/Carcar/lib/python3.10/site-packages'
[4.188s] Level 1:colcon.colcon_core.environment:checking '/home/sck2n21-laptop/dev_ws/install/Carcar/bin'
[4.189s] INFO:colcon.colcon_core.shell:Creating package script '/home/sck2n21-laptop/dev_ws/install/Carcar/share/Carcar/package.ps1'
[4.190s] INFO:colcon.colcon_core.shell:Creating package descriptor '/home/sck2n21-laptop/dev_ws/install/Carcar/share/Carcar/package.dsv'
[4.191s] INFO:colcon.colcon_core.shell:Creating package script '/home/sck2n21-laptop/dev_ws/install/Carcar/share/Carcar/package.sh'
[4.191s] INFO:colcon.colcon_core.shell:Creating package script '/home/sck2n21-laptop/dev_ws/install/Carcar/share/Carcar/package.bash'
[4.193s] INFO:colcon.colcon_core.shell:Creating package script '/home/sck2n21-laptop/dev_ws/install/Carcar/share/Carcar/package.zsh'
[4.193s] Level 1:colcon.colcon_core.environment:create_file_with_runtime_dependencies(/home/sck2n21-laptop/dev_ws/install/Carcar/share/colcon-core/packages/Carcar)
[4.194s] DEBUG:colcon.colcon_parallel_executor.executor.parallel:closing loop
[4.195s] DEBUG:colcon.colcon_parallel_executor.executor.parallel:loop closed
[4.195s] DEBUG:colcon.colcon_parallel_executor.executor.parallel:run_until_complete finished with '0'
[4.195s] DEBUG:colcon.colcon_core.event_reactor:joining thread
[4.222s] INFO:colcon.colcon_core.plugin_system:Skipping extension 'colcon_notification.desktop_notification.notify_send': Could not find 'notify-send'
[4.222s] INFO:colcon.colcon_core.plugin_system:Skipping extension 'colcon_notification.desktop_notification.terminal_notifier': Not used on non-Darwin systems
[4.223s] INFO:colcon.colcon_core.plugin_system:Skipping extension 'colcon_notification.desktop_notification.win32': Not used on non-Windows systems
[4.223s] INFO:colcon.colcon_notification.desktop_notification:Sending desktop notification using 'notify2'
[4.223s] DEBUG:colcon.colcon_notification.desktop_notification.notify2:Failed to initialize notify2: org.freedesktop.DBus.Error.NotSupported: Unable to autolaunch a dbus-daemon without a $DISPLAY for X11
[4.223s] DEBUG:colcon.colcon_core.event_reactor:joined thread
[4.225s] INFO:colcon.colcon_core.shell:Creating prefix script '/home/sck2n21-laptop/dev_ws/install/local_setup.ps1'
[4.227s] INFO:colcon.colcon_core.shell:Creating prefix util module '/home/sck2n21-laptop/dev_ws/install/_local_setup_util_ps1.py'
[4.229s] INFO:colcon.colcon_core.shell:Creating prefix chain script '/home/sck2n21-laptop/dev_ws/install/setup.ps1'
[4.231s] INFO:colcon.colcon_core.shell:Creating prefix script '/home/sck2n21-laptop/dev_ws/install/local_setup.sh'
[4.232s] INFO:colcon.colcon_core.shell:Creating prefix util module '/home/sck2n21-laptop/dev_ws/install/_local_setup_util_sh.py'
[4.234s] INFO:colcon.colcon_core.shell:Creating prefix chain script '/home/sck2n21-laptop/dev_ws/install/setup.sh'
[4.237s] INFO:colcon.colcon_core.shell:Creating prefix script '/home/sck2n21-laptop/dev_ws/install/local_setup.bash'
[4.239s] INFO:colcon.colcon_core.shell:Creating prefix chain script '/home/sck2n21-laptop/dev_ws/install/setup.bash'
[4.242s] INFO:colcon.colcon_core.shell:Creating prefix script '/home/sck2n21-laptop/dev_ws/install/local_setup.zsh'
[4.244s] INFO:colcon.colcon_core.shell:Creating prefix chain script '/home/sck2n21-laptop/dev_ws/install/setup.zsh'
