[0.876s] Invoking command in '/home/sck2n21-laptop/dev_ws/src/robot_controller': PYTHONPATH=/home/sck2n21-laptop/dev_ws/build/robot_controller/prefix_override:/home/sck2n21-laptop/dev_ws/install/robot_controller/lib/python3.10/site-packages:${PYTHONPATH} /usr/bin/python3 setup.py egg_info --egg-base ../../build/robot_controller build --build-base /home/sck2n21-laptop/dev_ws/build/robot_controller/build install --record /home/sck2n21-laptop/dev_ws/build/robot_controller/install.log --single-version-externally-managed
[1.218s] running egg_info
[1.218s] writing ../../build/robot_controller/robot_controller.egg-info/PKG-INFO
[1.219s] writing dependency_links to ../../build/robot_controller/robot_controller.egg-info/dependency_links.txt
[1.219s] writing entry points to ../../build/robot_controller/robot_controller.egg-info/entry_points.txt
[1.219s] writing requirements to ../../build/robot_controller/robot_controller.egg-info/requires.txt
[1.220s] writing top-level names to ../../build/robot_controller/robot_controller.egg-info/top_level.txt
[1.225s] reading manifest file '../../build/robot_controller/robot_controller.egg-info/SOURCES.txt'
[1.227s] writing manifest file '../../build/robot_controller/robot_controller.egg-info/SOURCES.txt'
[1.228s] running build
[1.228s] running build_py
[1.228s] running install
[1.228s] /usr/lib/python3/dist-packages/setuptools/command/install.py:34: SetuptoolsDeprecationWarning: setup.py install is deprecated. Use build and pip and other standards-based tools.
[1.228s]   warnings.warn(
[1.229s] running install_lib
[1.230s] running install_data
[1.231s] running install_egg_info
[1.233s] removing '/home/sck2n21-laptop/dev_ws/install/robot_controller/lib/python3.10/site-packages/robot_controller-0.0.0-py3.10.egg-info' (and everything under it)
[1.235s] Copying ../../build/robot_controller/robot_controller.egg-info to /home/sck2n21-laptop/dev_ws/install/robot_controller/lib/python3.10/site-packages/robot_controller-0.0.0-py3.10.egg-info
[1.244s] running install_scripts
[1.269s] writing list of installed files to '/home/sck2n21-laptop/dev_ws/build/robot_controller/install.log'
[1.293s] Invoked command in '/home/sck2n21-laptop/dev_ws/src/robot_controller' returned '0': PYTHONPATH=/home/sck2n21-laptop/dev_ws/build/robot_controller/prefix_override:/home/sck2n21-laptop/dev_ws/install/robot_controller/lib/python3.10/site-packages:${PYTHONPATH} /usr/bin/python3 setup.py egg_info --egg-base ../../build/robot_controller build --build-base /home/sck2n21-laptop/dev_ws/build/robot_controller/build install --record /home/sck2n21-laptop/dev_ws/build/robot_controller/install.log --single-version-externally-managed
