[0.904s] Invoking command in '/home/sck2n21-laptop/dev_ws/src/robot_controller': PYTHONPATH=/home/sck2n21-laptop/dev_ws/build/robot_controller/prefix_override:/home/sck2n21-laptop/dev_ws/install/robot_controller/lib/python3.10/site-packages:${PYTHONPATH} /usr/bin/python3 setup.py egg_info --egg-base ../../build/robot_controller build --build-base /home/sck2n21-laptop/dev_ws/build/robot_controller/build install --record /home/sck2n21-laptop/dev_ws/build/robot_controller/install.log --single-version-externally-managed
[1.270s] running egg_info
[1.271s] writing ../../build/robot_controller/robot_controller.egg-info/PKG-INFO
[1.272s] writing dependency_links to ../../build/robot_controller/robot_controller.egg-info/dependency_links.txt
[1.272s] writing entry points to ../../build/robot_controller/robot_controller.egg-info/entry_points.txt
[1.272s] writing requirements to ../../build/robot_controller/robot_controller.egg-info/requires.txt
[1.273s] writing top-level names to ../../build/robot_controller/robot_controller.egg-info/top_level.txt
[1.276s] reading manifest file '../../build/robot_controller/robot_controller.egg-info/SOURCES.txt'
[1.278s] writing manifest file '../../build/robot_controller/robot_controller.egg-info/SOURCES.txt'
[1.278s] running build
[1.278s] running build_py
[1.279s] running install
[1.279s] running install_lib
[1.281s] running install_data
[1.281s] running install_egg_info
[1.284s] removing '/home/sck2n21-laptop/dev_ws/install/robot_controller/lib/python3.10/site-packages/robot_controller-0.0.0-py3.10.egg-info' (and everything under it)
[1.287s] Copying ../../build/robot_controller/robot_controller.egg-info to /home/sck2n21-laptop/dev_ws/install/robot_controller/lib/python3.10/site-packages/robot_controller-0.0.0-py3.10.egg-info
[1.295s] running install_scripts
[1.321s] writing list of installed files to '/home/sck2n21-laptop/dev_ws/build/robot_controller/install.log'
[1.355s] Invoked command in '/home/sck2n21-laptop/dev_ws/src/robot_controller' returned '0': PYTHONPATH=/home/sck2n21-laptop/dev_ws/build/robot_controller/prefix_override:/home/sck2n21-laptop/dev_ws/install/robot_controller/lib/python3.10/site-packages:${PYTHONPATH} /usr/bin/python3 setup.py egg_info --egg-base ../../build/robot_controller build --build-base /home/sck2n21-laptop/dev_ws/build/robot_controller/build install --record /home/sck2n21-laptop/dev_ws/build/robot_controller/install.log --single-version-externally-managed
