-- The C compiler identification is GNU 11.4.0
-- The CXX compiler identification is GNU 11.4.0
-- Detecting C compiler ABI info
-- Detecting C compiler ABI info - done
-- Check for working C compiler: /usr/bin/cc - skipped
-- Detecting C compile features
-- Detecting C compile features - done
-- Detecting CXX compiler ABI info
-- Detecting CXX compiler ABI info - done
-- Check for working CXX compiler: /usr/bin/c++ - skipped
-- Detecting CXX compile features
-- Detecting CXX compile features - done
-- Found ament_cmake: 1.3.5 (/opt/ros/humble/share/ament_cmake/cmake)
-- Found Python3: /usr/bin/python3.10 (found version "3.10.12") found components: Interpreter 
-- Override CMake install command with custom implementation using symlinks instead of copying resources
-- Found ament_lint_auto: 0.12.7 (/opt/ros/humble/share/ament_lint_auto/cmake)
-- Added test 'copyright' to check source files copyright and LICENSE
-- Added test 'flake8' to check Python code syntax and style conventions
-- Added test 'lint_cmake' to check CMake code style
-- Added test 'pep257' to check Python code against some of the docstring style conventions in PEP 257
-- Added test 'xmllint' to check XML markup files
-- Configuring done
-- Generating done
-- Build files have been written to: /home/sck2n21-laptop/dev_ws/build/Carcar
-- Install configuration: ""
-- Execute custom install script
-- Symlinking: /home/sck2n21-laptop/dev_ws/install/Carcar/share/Carcar/config/empty.yaml
-- Symlinking: /home/sck2n21-laptop/dev_ws/install/Carcar/share/Carcar/description/robot.urdf.xacro
-- Symlinking: /home/sck2n21-laptop/dev_ws/install/Carcar/share/Carcar/launch/rsp.launch.py
-- Symlinking: /home/sck2n21-laptop/dev_ws/install/Carcar/share/Carcar/worlds/empty.world
-- Symlinking: /home/sck2n21-laptop/dev_ws/install/Carcar/share/ament_index/resource_index/package_run_dependencies/Carcar
-- Symlinking: /home/sck2n21-laptop/dev_ws/install/Carcar/share/ament_index/resource_index/parent_prefix_path/Carcar
-- Symlinking: /home/sck2n21-laptop/dev_ws/install/Carcar/share/Carcar/environment/ament_prefix_path.sh
-- Symlinking: /home/sck2n21-laptop/dev_ws/install/Carcar/share/Carcar/environment/ament_prefix_path.dsv
-- Symlinking: /home/sck2n21-laptop/dev_ws/install/Carcar/share/Carcar/environment/path.sh
-- Symlinking: /home/sck2n21-laptop/dev_ws/install/Carcar/share/Carcar/environment/path.dsv
-- Symlinking: /home/sck2n21-laptop/dev_ws/install/Carcar/share/Carcar/local_setup.bash
-- Symlinking: /home/sck2n21-laptop/dev_ws/install/Carcar/share/Carcar/local_setup.sh
-- Symlinking: /home/sck2n21-laptop/dev_ws/install/Carcar/share/Carcar/local_setup.zsh
-- Symlinking: /home/sck2n21-laptop/dev_ws/install/Carcar/share/Carcar/local_setup.dsv
-- Symlinking: /home/sck2n21-laptop/dev_ws/install/Carcar/share/Carcar/package.dsv
-- Symlinking: /home/sck2n21-laptop/dev_ws/install/Carcar/share/ament_index/resource_index/packages/Carcar
-- Symlinking: /home/sck2n21-laptop/dev_ws/install/Carcar/share/Carcar/cmake/CarcarConfig.cmake
-- Symlinking: /home/sck2n21-laptop/dev_ws/install/Carcar/share/Carcar/cmake/CarcarConfig-version.cmake
-- Symlinking: /home/sck2n21-laptop/dev_ws/install/Carcar/share/Carcar/package.xml
