[0.039s] Invoking command in '/home/sck2n21-laptop/dev_ws/build/Carcar': CMAKE_PREFIX_PATH=${CMAKE_PREFIX_PATH}:/opt/ros/humble /usr/bin/cmake /home/sck2n21-laptop/dev_ws/src/Carcar -DAMENT_CMAKE_SYMLINK_INSTALL=1 -DCMAKE_INSTALL_PREFIX=/home/sck2n21-laptop/dev_ws/install/Carcar
[0.245s] -- The C compiler identification is GNU 11.4.0
[0.444s] -- The CXX compiler identification is GNU 11.4.0
[0.512s] -- Detecting C compiler ABI info
[0.830s] -- Detecting C compiler ABI info - done
[0.840s] -- Check for working C compiler: /usr/bin/cc - skipped
[0.840s] -- Detecting C compile features
[0.841s] -- Detecting C compile features - done
[0.852s] -- Detecting CXX compiler ABI info
[1.171s] -- Detecting CXX compiler ABI info - done
[1.181s] -- Check for working CXX compiler: /usr/bin/c++ - skipped
[1.181s] -- Detecting CXX compile features
[1.318s] -- Detecting CXX compile features - done
[1.339s] -- Found ament_cmake: 1.3.5 (/opt/ros/humble/share/ament_cmake/cmake)
[1.689s] -- Found Python3: /usr/bin/python3.10 (found version "3.10.12") found components: Interpreter 
[1.824s] -- Override CMake install command with custom implementation using symlinks instead of copying resources
[1.940s] -- Found ament_lint_auto: 0.12.7 (/opt/ros/humble/share/ament_lint_auto/cmake)
[2.032s] WARNING: Package name "Carcar" does not follow the naming conventions. It should start with a lower case letter and only contain lower case letters, digits, underscores, and dashes.
[2.182s] -- Added test 'copyright' to check source files copyright and LICENSE
[2.229s] -- Added test 'flake8' to check Python code syntax and style conventions
[2.234s] -- Added test 'lint_cmake' to check CMake code style
[2.238s] -- Added test 'pep257' to check Python code against some of the docstring style conventions in PEP 257
[2.258s] -- Added test 'xmllint' to check XML markup files
[2.287s] -- Configuring done
[2.328s] -- Generating done
[2.352s] -- Build files have been written to: /home/sck2n21-laptop/dev_ws/build/Carcar
[2.359s] Invoked command in '/home/sck2n21-laptop/dev_ws/build/Carcar' returned '0': CMAKE_PREFIX_PATH=${CMAKE_PREFIX_PATH}:/opt/ros/humble /usr/bin/cmake /home/sck2n21-laptop/dev_ws/src/Carcar -DAMENT_CMAKE_SYMLINK_INSTALL=1 -DCMAKE_INSTALL_PREFIX=/home/sck2n21-laptop/dev_ws/install/Carcar
[2.363s] Invoking command in '/home/sck2n21-laptop/dev_ws/build/Carcar': CMAKE_PREFIX_PATH=${CMAKE_PREFIX_PATH}:/opt/ros/humble /usr/bin/cmake --build /home/sck2n21-laptop/dev_ws/build/Carcar -- -j16 -l16
[2.495s] Invoked command in '/home/sck2n21-laptop/dev_ws/build/Carcar' returned '0': CMAKE_PREFIX_PATH=${CMAKE_PREFIX_PATH}:/opt/ros/humble /usr/bin/cmake --build /home/sck2n21-laptop/dev_ws/build/Carcar -- -j16 -l16
[2.629s] Invoking command in '/home/sck2n21-laptop/dev_ws/build/Carcar': CMAKE_PREFIX_PATH=${CMAKE_PREFIX_PATH}:/opt/ros/humble /usr/bin/cmake --install /home/sck2n21-laptop/dev_ws/build/Carcar
[2.650s] -- Install configuration: ""
[2.651s] -- Execute custom install script
[2.653s] -- Symlinking: /home/sck2n21-laptop/dev_ws/install/Carcar/share/Carcar/config/empty.yaml
[2.689s] -- Symlinking: /home/sck2n21-laptop/dev_ws/install/Carcar/share/Carcar/description/robot.urdf.xacro
[2.722s] -- Symlinking: /home/sck2n21-laptop/dev_ws/install/Carcar/share/Carcar/launch/rsp.launch.py
[2.756s] -- Symlinking: /home/sck2n21-laptop/dev_ws/install/Carcar/share/Carcar/worlds/empty.world
[2.788s] -- Symlinking: /home/sck2n21-laptop/dev_ws/install/Carcar/share/ament_index/resource_index/package_run_dependencies/Carcar
[2.822s] -- Symlinking: /home/sck2n21-laptop/dev_ws/install/Carcar/share/ament_index/resource_index/parent_prefix_path/Carcar
[2.854s] -- Symlinking: /home/sck2n21-laptop/dev_ws/install/Carcar/share/Carcar/environment/ament_prefix_path.sh
[2.887s] -- Symlinking: /home/sck2n21-laptop/dev_ws/install/Carcar/share/Carcar/environment/ament_prefix_path.dsv
[2.920s] -- Symlinking: /home/sck2n21-laptop/dev_ws/install/Carcar/share/Carcar/environment/path.sh
[2.952s] -- Symlinking: /home/sck2n21-laptop/dev_ws/install/Carcar/share/Carcar/environment/path.dsv
[2.984s] -- Symlinking: /home/sck2n21-laptop/dev_ws/install/Carcar/share/Carcar/local_setup.bash
[3.017s] -- Symlinking: /home/sck2n21-laptop/dev_ws/install/Carcar/share/Carcar/local_setup.sh
[3.050s] -- Symlinking: /home/sck2n21-laptop/dev_ws/install/Carcar/share/Carcar/local_setup.zsh
[3.083s] -- Symlinking: /home/sck2n21-laptop/dev_ws/install/Carcar/share/Carcar/local_setup.dsv
[3.116s] -- Symlinking: /home/sck2n21-laptop/dev_ws/install/Carcar/share/Carcar/package.dsv
[3.149s] -- Symlinking: /home/sck2n21-laptop/dev_ws/install/Carcar/share/ament_index/resource_index/packages/Carcar
[3.190s] -- Symlinking: /home/sck2n21-laptop/dev_ws/install/Carcar/share/Carcar/cmake/CarcarConfig.cmake
[3.225s] -- Symlinking: /home/sck2n21-laptop/dev_ws/install/Carcar/share/Carcar/cmake/CarcarConfig-version.cmake
[3.265s] -- Symlinking: /home/sck2n21-laptop/dev_ws/install/Carcar/share/Carcar/package.xml
[3.302s] Invoked command in '/home/sck2n21-laptop/dev_ws/build/Carcar' returned '0': CMAKE_PREFIX_PATH=${CMAKE_PREFIX_PATH}:/opt/ros/humble /usr/bin/cmake --install /home/sck2n21-laptop/dev_ws/build/Carcar
